SELECT code, value FROM  (SELECT * FROM (SELECT * FROM `mcj`.`ecs_ecsmart_shop_config` UNION SELECT * FROM `mcj`.`ecs_shop_config`) AS total group by code) AS totals  WHERE parent_id > 0

INSERT INTO `mcj`.`ecs_sessions` (sesskey, expiry, ip, data) VALUES ('018ac68e2850fc2d9bb033a0ae740552', '1496623645', '180.76.15.139', 'a:0:{}')

SELECT g.*, c.measure_unit, b.brand_id, b.brand_name AS goods_brand, m.type_money AS bonus_money, IFNULL(AVG(r.comment_rank), 0) AS comment_rank, IFNULL(mp.user_price, g.shop_price * '1') AS rank_price FROM `mcj`.`ecs_goods` AS g LEFT JOIN `mcj`.`ecs_category` AS c ON g.cat_id = c.cat_id LEFT JOIN `mcj`.`ecs_brand` AS b ON g.brand_id = b.brand_id LEFT JOIN `mcj`.`ecs_comment` AS r ON r.id_value = g.goods_id AND comment_type = 0 AND r.parent_id = 0 AND r.status = 1 LEFT JOIN `mcj`.`ecs_bonus_type` AS m ON g.bonus_type_id = m.type_id AND m.send_start_date <= '1496623645' AND m.send_end_date >= '1496623645' LEFT JOIN `mcj`.`ecs_member_price` AS mp ON mp.goods_id = g.goods_id AND mp.user_rank = '0' WHERE g.goods_id = '300' AND g.is_delete = 0 GROUP BY g.goods_id

select value from  (SELECT * FROM (SELECT * FROM `mcj`.`ecs_ecsmart_shop_config` UNION SELECT * FROM `mcj`.`ecs_shop_config`) AS total group by code) AS totals  where code = 'pc_url' 

select value from  (SELECT * FROM (SELECT * FROM `mcj`.`ecs_ecsmart_shop_config` UNION SELECT * FROM `mcj`.`ecs_shop_config`) AS total group by code) AS totals  where code = 'pc_url' 

SELECT c.cat_id, c.cat_name, c.sort_order, a.article_id, a.title, a.file_url, a.open_type FROM `mcj`.`ecs_article` AS a LEFT JOIN `mcj`.`ecs_article_cat` AS c ON a.cat_id = c.cat_id WHERE c.cat_type = 5 AND a.is_open = 1 ORDER BY c.sort_order ASC, a.article_id

SELECT act_id, act_name, act_type, start_time, end_time FROM `mcj`.`ecs_goods_activity` WHERE is_finished=0 AND start_time <= '1496623645' AND end_time >= '1496623645' AND goods_id = '300'

SELECT act_id, act_range, act_range_ext, act_name, start_time, end_time FROM `mcj`.`ecs_favourable_activity` WHERE start_time <= '1496623645' AND end_time >= '1496623645'  AND supplier_id=24 AND CONCAT(',', user_rank, ',') LIKE '%,0,%'

SELECT cat_id, brand_id FROM `mcj`.`ecs_goods`WHERE goods_id = '300'

SELECT act_id, act_name, act_type, start_time, end_time FROM `mcj`.`ecs_goods_activity` WHERE is_finished=0 AND start_time <= '1496623645' AND end_time >= '1496623645'

SELECT act_id, act_range, act_range_ext, act_name, start_time, end_time FROM `mcj`.`ecs_favourable_activity` WHERE start_time <= '1496623645' AND end_time >= '1496623645' 

select region_id, region_name from `mcj`.`ecs_region` where parent_id=1

select region_id from `mcj`.`ecs_region` where parent_id=2

select * from `mcj`.`ecs_chat_customer` WHERE cus_enable = 1 AND cus_type in (0) AND supp_id = 24 ORDER BY cus_type desc

select * from `mcj`.`ecs_shipping` where shipping_code="pups"

SELECT COUNT(*) FROM `mcj`.`ecs_pickup_point` WHERE supplier_id = 0

SELECT s.supplier_id,s.supplier_name,s.add_time,sr.rank_name FROM `mcj`.`ecs_supplier` as s left join `mcj`.`ecs_supplier_rank` as sr ON s.rank_id=sr.rank_id
		WHERE s.supplier_id=24 AND s.status=1

SELECT * FROM `mcj`.`ecs_supplier_shop_config` WHERE supplier_id = 24

select logo from `mcj`.`ecs_supplier_street` where supplier_id = 24

select id from `mcj`.`ecs_supplier_guanzhu` where supplierid = 24 and userid = 0

SELECT count(`goods_id`) FROM `mcj`.`ecs_goods` as g WHERE  g.is_on_sale = 1 AND g.is_alone_sale = 1 AND g.supplier_id='24'

SELECT count(*) FROM `mcj`.`ecs_supplier_guanzhu` WHERE supplierid=24

SELECT AVG(comment_rank) FROM `mcj`.`ecs_comment` c LEFT JOIN `mcj`.`ecs_order_info` o ON o.order_id = c.order_id WHERE c.status > 0 AND  o.supplier_id = 24

SELECT AVG(server), AVG(shipping) FROM `mcj`.`ecs_shop_grade` s LEFT JOIN `mcj`.`ecs_order_info` o ON o.order_id = s.order_id WHERE s.is_comment > 0 AND  s.server >0 AND o.supplier_id = 24

SELECT g.goods_id, g.goods_name, g.goods_thumb, g.goods_img, g.shop_price AS org_price, IFNULL(mp.user_price, g.shop_price * '1') AS shop_price, g.market_price, g.promote_price, g.promote_start_date, g.promote_end_date FROM `mcj`.`ecs_link_goods` lg LEFT JOIN `mcj`.`ecs_goods` AS g ON g.goods_id = lg.link_goods_id LEFT JOIN `mcj`.`ecs_member_price` AS mp ON mp.goods_id = g.goods_id AND mp.user_rank = '0' WHERE lg.goods_id = '300' AND g.is_on_sale = 1 AND g.is_alone_sale = 1 AND g.is_delete = 0 LIMIT 4

SELECT parent_id FROM `mcj`.`ecs_category` WHERE cat_id = '3'

SELECT count(*) FROM `mcj`.`ecs_category` WHERE parent_id = '0' AND is_show = 1 

SELECT cat_id,cat_name ,parent_id,is_show,type_img FROM `mcj`.`ecs_category`WHERE parent_id = '0' AND is_show = 1 AND is_virtual=0 ORDER BY sort_order ASC, cat_id ASC

SELECT count(*) FROM `mcj`.`ecs_category` WHERE parent_id = '5' AND is_show = 1 

SELECT cat_id, cat_name, parent_id, is_show,type_img FROM `mcj`.`ecs_category`WHERE parent_id = '5' AND is_show = 1 ORDER BY sort_order ASC, cat_id ASC

SELECT count(*) FROM `mcj`.`ecs_category` WHERE parent_id = '182' AND is_show = 1 

SELECT cat_id, cat_name, parent_id, is_show,type_img FROM `mcj`.`ecs_category`WHERE parent_id = '182' AND is_show = 1 ORDER BY sort_order ASC, cat_id ASC

SELECT count(*) FROM `mcj`.`ecs_category` WHERE parent_id = '218' AND is_show = 1 

SELECT count(*) FROM `mcj`.`ecs_category` WHERE parent_id = '215' AND is_show = 1 

SELECT count(*) FROM `mcj`.`ecs_category` WHERE parent_id = '216' AND is_show = 1 

SELECT count(*) FROM `mcj`.`ecs_category` WHERE parent_id = '217' AND is_show = 1 

SELECT count(*) FROM `mcj`.`ecs_category` WHERE parent_id = '219' AND is_show = 1 

SELECT count(*) FROM `mcj`.`ecs_category` WHERE parent_id = '220' AND is_show = 1 

SELECT count(*) FROM `mcj`.`ecs_category` WHERE parent_id = '178' AND is_show = 1 

SELECT cat_id, cat_name, parent_id, is_show,type_img FROM `mcj`.`ecs_category`WHERE parent_id = '178' AND is_show = 1 ORDER BY sort_order ASC, cat_id ASC

SELECT count(*) FROM `mcj`.`ecs_category` WHERE parent_id = '183' AND is_show = 1 

SELECT count(*) FROM `mcj`.`ecs_category` WHERE parent_id = '184' AND is_show = 1 

SELECT count(*) FROM `mcj`.`ecs_category` WHERE parent_id = '185' AND is_show = 1 

SELECT count(*) FROM `mcj`.`ecs_category` WHERE parent_id = '186' AND is_show = 1 

SELECT count(*) FROM `mcj`.`ecs_category` WHERE parent_id = '187' AND is_show = 1 

SELECT count(*) FROM `mcj`.`ecs_category` WHERE parent_id = '188' AND is_show = 1 

SELECT count(*) FROM `mcj`.`ecs_category` WHERE parent_id = '189' AND is_show = 1 

SELECT count(*) FROM `mcj`.`ecs_category` WHERE parent_id = '190' AND is_show = 1 

SELECT count(*) FROM `mcj`.`ecs_category` WHERE parent_id = '179' AND is_show = 1 

SELECT cat_id, cat_name, parent_id, is_show,type_img FROM `mcj`.`ecs_category`WHERE parent_id = '179' AND is_show = 1 ORDER BY sort_order ASC, cat_id ASC

SELECT count(*) FROM `mcj`.`ecs_category` WHERE parent_id = '191' AND is_show = 1 

SELECT count(*) FROM `mcj`.`ecs_category` WHERE parent_id = '192' AND is_show = 1 

SELECT count(*) FROM `mcj`.`ecs_category` WHERE parent_id = '193' AND is_show = 1 

SELECT count(*) FROM `mcj`.`ecs_category` WHERE parent_id = '194' AND is_show = 1 

SELECT count(*) FROM `mcj`.`ecs_category` WHERE parent_id = '195' AND is_show = 1 

SELECT count(*) FROM `mcj`.`ecs_category` WHERE parent_id = '196' AND is_show = 1 

SELECT count(*) FROM `mcj`.`ecs_category` WHERE parent_id = '197' AND is_show = 1 

SELECT count(*) FROM `mcj`.`ecs_category` WHERE parent_id = '198' AND is_show = 1 

SELECT count(*) FROM `mcj`.`ecs_category` WHERE parent_id = '180' AND is_show = 1 

SELECT cat_id, cat_name, parent_id, is_show,type_img FROM `mcj`.`ecs_category`WHERE parent_id = '180' AND is_show = 1 ORDER BY sort_order ASC, cat_id ASC

SELECT count(*) FROM `mcj`.`ecs_category` WHERE parent_id = '199' AND is_show = 1 

SELECT count(*) FROM `mcj`.`ecs_category` WHERE parent_id = '200' AND is_show = 1 

SELECT count(*) FROM `mcj`.`ecs_category` WHERE parent_id = '201' AND is_show = 1 

SELECT count(*) FROM `mcj`.`ecs_category` WHERE parent_id = '202' AND is_show = 1 

SELECT count(*) FROM `mcj`.`ecs_category` WHERE parent_id = '203' AND is_show = 1 

SELECT count(*) FROM `mcj`.`ecs_category` WHERE parent_id = '204' AND is_show = 1 

SELECT count(*) FROM `mcj`.`ecs_category` WHERE parent_id = '205' AND is_show = 1 

SELECT count(*) FROM `mcj`.`ecs_category` WHERE parent_id = '206' AND is_show = 1 

SELECT count(*) FROM `mcj`.`ecs_category` WHERE parent_id = '181' AND is_show = 1 

SELECT cat_id, cat_name, parent_id, is_show,type_img FROM `mcj`.`ecs_category`WHERE parent_id = '181' AND is_show = 1 ORDER BY sort_order ASC, cat_id ASC

SELECT count(*) FROM `mcj`.`ecs_category` WHERE parent_id = '207' AND is_show = 1 

SELECT count(*) FROM `mcj`.`ecs_category` WHERE parent_id = '208' AND is_show = 1 

SELECT count(*) FROM `mcj`.`ecs_category` WHERE parent_id = '209' AND is_show = 1 

SELECT count(*) FROM `mcj`.`ecs_category` WHERE parent_id = '210' AND is_show = 1 

SELECT count(*) FROM `mcj`.`ecs_category` WHERE parent_id = '211' AND is_show = 1 

SELECT count(*) FROM `mcj`.`ecs_category` WHERE parent_id = '212' AND is_show = 1 

SELECT count(*) FROM `mcj`.`ecs_category` WHERE parent_id = '213' AND is_show = 1 

SELECT count(*) FROM `mcj`.`ecs_category` WHERE parent_id = '214' AND is_show = 1 

SELECT count(*) FROM `mcj`.`ecs_category` WHERE parent_id = '4' AND is_show = 1 

SELECT cat_id, cat_name, parent_id, is_show,type_img FROM `mcj`.`ecs_category`WHERE parent_id = '4' AND is_show = 1 ORDER BY sort_order ASC, cat_id ASC

SELECT count(*) FROM `mcj`.`ecs_category` WHERE parent_id = '144' AND is_show = 1 

SELECT cat_id, cat_name, parent_id, is_show,type_img FROM `mcj`.`ecs_category`WHERE parent_id = '144' AND is_show = 1 ORDER BY sort_order ASC, cat_id ASC

SELECT count(*) FROM `mcj`.`ecs_category` WHERE parent_id = '148' AND is_show = 1 

SELECT count(*) FROM `mcj`.`ecs_category` WHERE parent_id = '149' AND is_show = 1 

SELECT count(*) FROM `mcj`.`ecs_category` WHERE parent_id = '150' AND is_show = 1 

SELECT count(*) FROM `mcj`.`ecs_category` WHERE parent_id = '151' AND is_show = 1 

SELECT count(*) FROM `mcj`.`ecs_category` WHERE parent_id = '152' AND is_show = 1 

SELECT count(*) FROM `mcj`.`ecs_category` WHERE parent_id = '153' AND is_show = 1 

SELECT count(*) FROM `mcj`.`ecs_category` WHERE parent_id = '154' AND is_show = 1 

SELECT count(*) FROM `mcj`.`ecs_category` WHERE parent_id = '155' AND is_show = 1 

SELECT count(*) FROM `mcj`.`ecs_category` WHERE parent_id = '145' AND is_show = 1 

SELECT cat_id, cat_name, parent_id, is_show,type_img FROM `mcj`.`ecs_category`WHERE parent_id = '145' AND is_show = 1 ORDER BY sort_order ASC, cat_id ASC

SELECT count(*) FROM `mcj`.`ecs_category` WHERE parent_id = '156' AND is_show = 1 

SELECT count(*) FROM `mcj`.`ecs_category` WHERE parent_id = '157' AND is_show = 1 

SELECT count(*) FROM `mcj`.`ecs_category` WHERE parent_id = '158' AND is_show = 1 

SELECT count(*) FROM `mcj`.`ecs_category` WHERE parent_id = '159' AND is_show = 1 

SELECT count(*) FROM `mcj`.`ecs_category` WHERE parent_id = '160' AND is_show = 1 

SELECT count(*) FROM `mcj`.`ecs_category` WHERE parent_id = '161' AND is_show = 1 

SELECT count(*) FROM `mcj`.`ecs_category` WHERE parent_id = '162' AND is_show = 1 

SELECT count(*) FROM `mcj`.`ecs_category` WHERE parent_id = '163' AND is_show = 1 

SELECT count(*) FROM `mcj`.`ecs_category` WHERE parent_id = '146' AND is_show = 1 

SELECT cat_id, cat_name, parent_id, is_show,type_img FROM `mcj`.`ecs_category`WHERE parent_id = '146' AND is_show = 1 ORDER BY sort_order ASC, cat_id ASC

SELECT count(*) FROM `mcj`.`ecs_category` WHERE parent_id = '170' AND is_show = 1 

SELECT count(*) FROM `mcj`.`ecs_category` WHERE parent_id = '171' AND is_show = 1 

SELECT count(*) FROM `mcj`.`ecs_category` WHERE parent_id = '172' AND is_show = 1 

SELECT count(*) FROM `mcj`.`ecs_category` WHERE parent_id = '173' AND is_show = 1 

SELECT count(*) FROM `mcj`.`ecs_category` WHERE parent_id = '174' AND is_show = 1 

SELECT count(*) FROM `mcj`.`ecs_category` WHERE parent_id = '175' AND is_show = 1 

SELECT count(*) FROM `mcj`.`ecs_category` WHERE parent_id = '176' AND is_show = 1 

SELECT count(*) FROM `mcj`.`ecs_category` WHERE parent_id = '177' AND is_show = 1 

SELECT count(*) FROM `mcj`.`ecs_category` WHERE parent_id = '147' AND is_show = 1 

SELECT cat_id, cat_name, parent_id, is_show,type_img FROM `mcj`.`ecs_category`WHERE parent_id = '147' AND is_show = 1 ORDER BY sort_order ASC, cat_id ASC

SELECT count(*) FROM `mcj`.`ecs_category` WHERE parent_id = '164' AND is_show = 1 

SELECT count(*) FROM `mcj`.`ecs_category` WHERE parent_id = '165' AND is_show = 1 

SELECT count(*) FROM `mcj`.`ecs_category` WHERE parent_id = '166' AND is_show = 1 

SELECT count(*) FROM `mcj`.`ecs_category` WHERE parent_id = '167' AND is_show = 1 

SELECT count(*) FROM `mcj`.`ecs_category` WHERE parent_id = '168' AND is_show = 1 

SELECT count(*) FROM `mcj`.`ecs_category` WHERE parent_id = '169' AND is_show = 1 

SELECT count(*) FROM `mcj`.`ecs_category` WHERE parent_id = '358' AND is_show = 1 

SELECT cat_id, cat_name, parent_id, is_show,type_img FROM `mcj`.`ecs_category`WHERE parent_id = '358' AND is_show = 1 ORDER BY sort_order ASC, cat_id ASC

SELECT count(*) FROM `mcj`.`ecs_category` WHERE parent_id = '385' AND is_show = 1 

SELECT count(*) FROM `mcj`.`ecs_category` WHERE parent_id = '386' AND is_show = 1 

SELECT count(*) FROM `mcj`.`ecs_category` WHERE parent_id = '387' AND is_show = 1 

SELECT count(*) FROM `mcj`.`ecs_category` WHERE parent_id = '388' AND is_show = 1 

SELECT count(*) FROM `mcj`.`ecs_category` WHERE parent_id = '6' AND is_show = 1 

SELECT cat_id, cat_name, parent_id, is_show,type_img FROM `mcj`.`ecs_category`WHERE parent_id = '6' AND is_show = 1 ORDER BY sort_order ASC, cat_id ASC

SELECT count(*) FROM `mcj`.`ecs_category` WHERE parent_id = '306' AND is_show = 1 

SELECT cat_id, cat_name, parent_id, is_show,type_img FROM `mcj`.`ecs_category`WHERE parent_id = '306' AND is_show = 1 ORDER BY sort_order ASC, cat_id ASC

SELECT count(*) FROM `mcj`.`ecs_category` WHERE parent_id = '312' AND is_show = 1 

SELECT count(*) FROM `mcj`.`ecs_category` WHERE parent_id = '313' AND is_show = 1 

SELECT count(*) FROM `mcj`.`ecs_category` WHERE parent_id = '314' AND is_show = 1 

SELECT count(*) FROM `mcj`.`ecs_category` WHERE parent_id = '315' AND is_show = 1 

SELECT count(*) FROM `mcj`.`ecs_category` WHERE parent_id = '316' AND is_show = 1 

SELECT count(*) FROM `mcj`.`ecs_category` WHERE parent_id = '317' AND is_show = 1 

SELECT count(*) FROM `mcj`.`ecs_category` WHERE parent_id = '318' AND is_show = 1 

SELECT count(*) FROM `mcj`.`ecs_category` WHERE parent_id = '319' AND is_show = 1 

SELECT count(*) FROM `mcj`.`ecs_category` WHERE parent_id = '307' AND is_show = 1 

SELECT cat_id, cat_name, parent_id, is_show,type_img FROM `mcj`.`ecs_category`WHERE parent_id = '307' AND is_show = 1 ORDER BY sort_order ASC, cat_id ASC

SELECT count(*) FROM `mcj`.`ecs_category` WHERE parent_id = '320' AND is_show = 1 

SELECT count(*) FROM `mcj`.`ecs_category` WHERE parent_id = '321' AND is_show = 1 

SELECT count(*) FROM `mcj`.`ecs_category` WHERE parent_id = '322' AND is_show = 1 

SELECT count(*) FROM `mcj`.`ecs_category` WHERE parent_id = '323' AND is_show = 1 

SELECT count(*) FROM `mcj`.`ecs_category` WHERE parent_id = '324' AND is_show = 1 

SELECT count(*) FROM `mcj`.`ecs_category` WHERE parent_id = '325' AND is_show = 1 

SELECT count(*) FROM `mcj`.`ecs_category` WHERE parent_id = '326' AND is_show = 1 

SELECT count(*) FROM `mcj`.`ecs_category` WHERE parent_id = '327' AND is_show = 1 

SELECT count(*) FROM `mcj`.`ecs_category` WHERE parent_id = '308' AND is_show = 1 

SELECT cat_id, cat_name, parent_id, is_show,type_img FROM `mcj`.`ecs_category`WHERE parent_id = '308' AND is_show = 1 ORDER BY sort_order ASC, cat_id ASC

SELECT count(*) FROM `mcj`.`ecs_category` WHERE parent_id = '328' AND is_show = 1 

SELECT count(*) FROM `mcj`.`ecs_category` WHERE parent_id = '329' AND is_show = 1 

SELECT count(*) FROM `mcj`.`ecs_category` WHERE parent_id = '330' AND is_show = 1 

SELECT count(*) FROM `mcj`.`ecs_category` WHERE parent_id = '331' AND is_show = 1 

SELECT count(*) FROM `mcj`.`ecs_category` WHERE parent_id = '332' AND is_show = 1 

SELECT count(*) FROM `mcj`.`ecs_category` WHERE parent_id = '333' AND is_show = 1 

SELECT count(*) FROM `mcj`.`ecs_category` WHERE parent_id = '309' AND is_show = 1 

SELECT cat_id, cat_name, parent_id, is_show,type_img FROM `mcj`.`ecs_category`WHERE parent_id = '309' AND is_show = 1 ORDER BY sort_order ASC, cat_id ASC

SELECT count(*) FROM `mcj`.`ecs_category` WHERE parent_id = '334' AND is_show = 1 

SELECT count(*) FROM `mcj`.`ecs_category` WHERE parent_id = '335' AND is_show = 1 

SELECT count(*) FROM `mcj`.`ecs_category` WHERE parent_id = '336' AND is_show = 1 

SELECT count(*) FROM `mcj`.`ecs_category` WHERE parent_id = '337' AND is_show = 1 

SELECT count(*) FROM `mcj`.`ecs_category` WHERE parent_id = '338' AND is_show = 1 

SELECT count(*) FROM `mcj`.`ecs_category` WHERE parent_id = '339' AND is_show = 1 

SELECT count(*) FROM `mcj`.`ecs_category` WHERE parent_id = '340' AND is_show = 1 

SELECT count(*) FROM `mcj`.`ecs_category` WHERE parent_id = '341' AND is_show = 1 

SELECT count(*) FROM `mcj`.`ecs_category` WHERE parent_id = '310' AND is_show = 1 

SELECT cat_id, cat_name, parent_id, is_show,type_img FROM `mcj`.`ecs_category`WHERE parent_id = '310' AND is_show = 1 ORDER BY sort_order ASC, cat_id ASC

SELECT count(*) FROM `mcj`.`ecs_category` WHERE parent_id = '342' AND is_show = 1 

SELECT count(*) FROM `mcj`.`ecs_category` WHERE parent_id = '343' AND is_show = 1 

SELECT count(*) FROM `mcj`.`ecs_category` WHERE parent_id = '344' AND is_show = 1 

SELECT count(*) FROM `mcj`.`ecs_category` WHERE parent_id = '345' AND is_show = 1 

SELECT count(*) FROM `mcj`.`ecs_category` WHERE parent_id = '346' AND is_show = 1 

SELECT count(*) FROM `mcj`.`ecs_category` WHERE parent_id = '347' AND is_show = 1 

SELECT count(*) FROM `mcj`.`ecs_category` WHERE parent_id = '348' AND is_show = 1 

SELECT count(*) FROM `mcj`.`ecs_category` WHERE parent_id = '349' AND is_show = 1 

SELECT count(*) FROM `mcj`.`ecs_category` WHERE parent_id = '311' AND is_show = 1 

SELECT cat_id, cat_name, parent_id, is_show,type_img FROM `mcj`.`ecs_category`WHERE parent_id = '311' AND is_show = 1 ORDER BY sort_order ASC, cat_id ASC

SELECT count(*) FROM `mcj`.`ecs_category` WHERE parent_id = '350' AND is_show = 1 

SELECT count(*) FROM `mcj`.`ecs_category` WHERE parent_id = '351' AND is_show = 1 

SELECT count(*) FROM `mcj`.`ecs_category` WHERE parent_id = '352' AND is_show = 1 

SELECT count(*) FROM `mcj`.`ecs_category` WHERE parent_id = '353' AND is_show = 1 

SELECT count(*) FROM `mcj`.`ecs_category` WHERE parent_id = '354' AND is_show = 1 

SELECT count(*) FROM `mcj`.`ecs_category` WHERE parent_id = '355' AND is_show = 1 

SELECT count(*) FROM `mcj`.`ecs_category` WHERE parent_id = '3' AND is_show = 1 

SELECT cat_id, cat_name, parent_id, is_show,type_img FROM `mcj`.`ecs_category`WHERE parent_id = '3' AND is_show = 1 ORDER BY sort_order ASC, cat_id ASC

SELECT count(*) FROM `mcj`.`ecs_category` WHERE parent_id = '113' AND is_show = 1 

SELECT cat_id, cat_name, parent_id, is_show,type_img FROM `mcj`.`ecs_category`WHERE parent_id = '113' AND is_show = 1 ORDER BY sort_order ASC, cat_id ASC

SELECT count(*) FROM `mcj`.`ecs_category` WHERE parent_id = '136' AND is_show = 1 

SELECT count(*) FROM `mcj`.`ecs_category` WHERE parent_id = '137' AND is_show = 1 

SELECT count(*) FROM `mcj`.`ecs_category` WHERE parent_id = '138' AND is_show = 1 

SELECT count(*) FROM `mcj`.`ecs_category` WHERE parent_id = '139' AND is_show = 1 

SELECT count(*) FROM `mcj`.`ecs_category` WHERE parent_id = '140' AND is_show = 1 

SELECT count(*) FROM `mcj`.`ecs_category` WHERE parent_id = '141' AND is_show = 1 

SELECT count(*) FROM `mcj`.`ecs_category` WHERE parent_id = '142' AND is_show = 1 

SELECT count(*) FROM `mcj`.`ecs_category` WHERE parent_id = '143' AND is_show = 1 

SELECT count(*) FROM `mcj`.`ecs_category` WHERE parent_id = '109' AND is_show = 1 

SELECT cat_id, cat_name, parent_id, is_show,type_img FROM `mcj`.`ecs_category`WHERE parent_id = '109' AND is_show = 1 ORDER BY sort_order ASC, cat_id ASC

SELECT count(*) FROM `mcj`.`ecs_category` WHERE parent_id = '114' AND is_show = 1 

SELECT count(*) FROM `mcj`.`ecs_category` WHERE parent_id = '115' AND is_show = 1 

SELECT count(*) FROM `mcj`.`ecs_category` WHERE parent_id = '116' AND is_show = 1 

SELECT count(*) FROM `mcj`.`ecs_category` WHERE parent_id = '117' AND is_show = 1 

SELECT count(*) FROM `mcj`.`ecs_category` WHERE parent_id = '118' AND is_show = 1 

SELECT count(*) FROM `mcj`.`ecs_category` WHERE parent_id = '110' AND is_show = 1 

SELECT cat_id, cat_name, parent_id, is_show,type_img FROM `mcj`.`ecs_category`WHERE parent_id = '110' AND is_show = 1 ORDER BY sort_order ASC, cat_id ASC

SELECT count(*) FROM `mcj`.`ecs_category` WHERE parent_id = '119' AND is_show = 1 

SELECT count(*) FROM `mcj`.`ecs_category` WHERE parent_id = '120' AND is_show = 1 

SELECT count(*) FROM `mcj`.`ecs_category` WHERE parent_id = '121' AND is_show = 1 

SELECT count(*) FROM `mcj`.`ecs_category` WHERE parent_id = '122' AND is_show = 1 

SELECT count(*) FROM `mcj`.`ecs_category` WHERE parent_id = '123' AND is_show = 1 

SELECT count(*) FROM `mcj`.`ecs_category` WHERE parent_id = '124' AND is_show = 1 

SELECT count(*) FROM `mcj`.`ecs_category` WHERE parent_id = '111' AND is_show = 1 

SELECT cat_id, cat_name, parent_id, is_show,type_img FROM `mcj`.`ecs_category`WHERE parent_id = '111' AND is_show = 1 ORDER BY sort_order ASC, cat_id ASC

SELECT count(*) FROM `mcj`.`ecs_category` WHERE parent_id = '125' AND is_show = 1 

SELECT count(*) FROM `mcj`.`ecs_category` WHERE parent_id = '126' AND is_show = 1 

SELECT count(*) FROM `mcj`.`ecs_category` WHERE parent_id = '127' AND is_show = 1 

SELECT count(*) FROM `mcj`.`ecs_category` WHERE parent_id = '128' AND is_show = 1 

SELECT count(*) FROM `mcj`.`ecs_category` WHERE parent_id = '129' AND is_show = 1 

SELECT count(*) FROM `mcj`.`ecs_category` WHERE parent_id = '130' AND is_show = 1 

SELECT count(*) FROM `mcj`.`ecs_category` WHERE parent_id = '131' AND is_show = 1 

SELECT count(*) FROM `mcj`.`ecs_category` WHERE parent_id = '112' AND is_show = 1 

SELECT cat_id, cat_name, parent_id, is_show,type_img FROM `mcj`.`ecs_category`WHERE parent_id = '112' AND is_show = 1 ORDER BY sort_order ASC, cat_id ASC

SELECT count(*) FROM `mcj`.`ecs_category` WHERE parent_id = '132' AND is_show = 1 

SELECT count(*) FROM `mcj`.`ecs_category` WHERE parent_id = '133' AND is_show = 1 

SELECT count(*) FROM `mcj`.`ecs_category` WHERE parent_id = '134' AND is_show = 1 

SELECT count(*) FROM `mcj`.`ecs_category` WHERE parent_id = '135' AND is_show = 1 

SELECT count(*) FROM `mcj`.`ecs_category` WHERE parent_id = '389' AND is_show = 1 

SELECT count(*) FROM `mcj`.`ecs_category` WHERE parent_id = '7' AND is_show = 1 

SELECT cat_id, cat_name, parent_id, is_show,type_img FROM `mcj`.`ecs_category`WHERE parent_id = '7' AND is_show = 1 ORDER BY sort_order ASC, cat_id ASC

SELECT count(*) FROM `mcj`.`ecs_category` WHERE parent_id = '271' AND is_show = 1 

SELECT cat_id, cat_name, parent_id, is_show,type_img FROM `mcj`.`ecs_category`WHERE parent_id = '271' AND is_show = 1 ORDER BY sort_order ASC, cat_id ASC

SELECT count(*) FROM `mcj`.`ecs_category` WHERE parent_id = '276' AND is_show = 1 

SELECT count(*) FROM `mcj`.`ecs_category` WHERE parent_id = '277' AND is_show = 1 

SELECT count(*) FROM `mcj`.`ecs_category` WHERE parent_id = '278' AND is_show = 1 

SELECT count(*) FROM `mcj`.`ecs_category` WHERE parent_id = '279' AND is_show = 1 

SELECT count(*) FROM `mcj`.`ecs_category` WHERE parent_id = '280' AND is_show = 1 

SELECT count(*) FROM `mcj`.`ecs_category` WHERE parent_id = '281' AND is_show = 1 

SELECT count(*) FROM `mcj`.`ecs_category` WHERE parent_id = '272' AND is_show = 1 

SELECT cat_id, cat_name, parent_id, is_show,type_img FROM `mcj`.`ecs_category`WHERE parent_id = '272' AND is_show = 1 ORDER BY sort_order ASC, cat_id ASC

SELECT count(*) FROM `mcj`.`ecs_category` WHERE parent_id = '282' AND is_show = 1 

SELECT count(*) FROM `mcj`.`ecs_category` WHERE parent_id = '283' AND is_show = 1 

SELECT count(*) FROM `mcj`.`ecs_category` WHERE parent_id = '284' AND is_show = 1 

SELECT count(*) FROM `mcj`.`ecs_category` WHERE parent_id = '285' AND is_show = 1 

SELECT count(*) FROM `mcj`.`ecs_category` WHERE parent_id = '286' AND is_show = 1 

SELECT count(*) FROM `mcj`.`ecs_category` WHERE parent_id = '287' AND is_show = 1 

SELECT count(*) FROM `mcj`.`ecs_category` WHERE parent_id = '288' AND is_show = 1 

SELECT count(*) FROM `mcj`.`ecs_category` WHERE parent_id = '297' AND is_show = 1 

SELECT count(*) FROM `mcj`.`ecs_category` WHERE parent_id = '273' AND is_show = 1 

SELECT cat_id, cat_name, parent_id, is_show,type_img FROM `mcj`.`ecs_category`WHERE parent_id = '273' AND is_show = 1 ORDER BY sort_order ASC, cat_id ASC

SELECT count(*) FROM `mcj`.`ecs_category` WHERE parent_id = '289' AND is_show = 1 

SELECT count(*) FROM `mcj`.`ecs_category` WHERE parent_id = '290' AND is_show = 1 

SELECT count(*) FROM `mcj`.`ecs_category` WHERE parent_id = '291' AND is_show = 1 

SELECT count(*) FROM `mcj`.`ecs_category` WHERE parent_id = '292' AND is_show = 1 

SELECT count(*) FROM `mcj`.`ecs_category` WHERE parent_id = '293' AND is_show = 1 

SELECT count(*) FROM `mcj`.`ecs_category` WHERE parent_id = '294' AND is_show = 1 

SELECT count(*) FROM `mcj`.`ecs_category` WHERE parent_id = '295' AND is_show = 1 

SELECT count(*) FROM `mcj`.`ecs_category` WHERE parent_id = '296' AND is_show = 1 

SELECT count(*) FROM `mcj`.`ecs_category` WHERE parent_id = '274' AND is_show = 1 

SELECT cat_id, cat_name, parent_id, is_show,type_img FROM `mcj`.`ecs_category`WHERE parent_id = '274' AND is_show = 1 ORDER BY sort_order ASC, cat_id ASC

SELECT count(*) FROM `mcj`.`ecs_category` WHERE parent_id = '298' AND is_show = 1 

SELECT count(*) FROM `mcj`.`ecs_category` WHERE parent_id = '299' AND is_show = 1 

SELECT count(*) FROM `mcj`.`ecs_category` WHERE parent_id = '300' AND is_show = 1 

SELECT count(*) FROM `mcj`.`ecs_category` WHERE parent_id = '301' AND is_show = 1 

SELECT count(*) FROM `mcj`.`ecs_category` WHERE parent_id = '302' AND is_show = 1 

SELECT count(*) FROM `mcj`.`ecs_category` WHERE parent_id = '303' AND is_show = 1 

SELECT count(*) FROM `mcj`.`ecs_category` WHERE parent_id = '304' AND is_show = 1 

SELECT count(*) FROM `mcj`.`ecs_category` WHERE parent_id = '305' AND is_show = 1 

SELECT count(*) FROM `mcj`.`ecs_category` WHERE parent_id = '361' AND is_show = 1 

SELECT cat_id, cat_name, parent_id, is_show,type_img FROM `mcj`.`ecs_category`WHERE parent_id = '361' AND is_show = 1 ORDER BY sort_order ASC, cat_id ASC

SELECT count(*) FROM `mcj`.`ecs_category` WHERE parent_id = '390' AND is_show = 1 

SELECT count(*) FROM `mcj`.`ecs_category` WHERE parent_id = '391' AND is_show = 1 

SELECT count(*) FROM `mcj`.`ecs_category` WHERE parent_id = '392' AND is_show = 1 

SELECT count(*) FROM `mcj`.`ecs_category` WHERE parent_id = '393' AND is_show = 1 

SELECT count(*) FROM `mcj`.`ecs_category` WHERE parent_id = '1' AND is_show = 1 

SELECT cat_id, cat_name, parent_id, is_show,type_img FROM `mcj`.`ecs_category`WHERE parent_id = '1' AND is_show = 1 ORDER BY sort_order ASC, cat_id ASC

SELECT count(*) FROM `mcj`.`ecs_category` WHERE parent_id = '14' AND is_show = 1 

SELECT cat_id, cat_name, parent_id, is_show,type_img FROM `mcj`.`ecs_category`WHERE parent_id = '14' AND is_show = 1 ORDER BY sort_order ASC, cat_id ASC

SELECT count(*) FROM `mcj`.`ecs_category` WHERE parent_id = '15' AND is_show = 1 

SELECT count(*) FROM `mcj`.`ecs_category` WHERE parent_id = '16' AND is_show = 1 

SELECT count(*) FROM `mcj`.`ecs_category` WHERE parent_id = '17' AND is_show = 1 

SELECT count(*) FROM `mcj`.`ecs_category` WHERE parent_id = '18' AND is_show = 1 

SELECT count(*) FROM `mcj`.`ecs_category` WHERE parent_id = '19' AND is_show = 1 

SELECT count(*) FROM `mcj`.`ecs_category` WHERE parent_id = '20' AND is_show = 1 

SELECT count(*) FROM `mcj`.`ecs_category` WHERE parent_id = '21' AND is_show = 1 

SELECT count(*) FROM `mcj`.`ecs_category` WHERE parent_id = '22' AND is_show = 1 

SELECT count(*) FROM `mcj`.`ecs_category` WHERE parent_id = '13' AND is_show = 1 

SELECT cat_id, cat_name, parent_id, is_show,type_img FROM `mcj`.`ecs_category`WHERE parent_id = '13' AND is_show = 1 ORDER BY sort_order ASC, cat_id ASC

SELECT count(*) FROM `mcj`.`ecs_category` WHERE parent_id = '24' AND is_show = 1 

SELECT count(*) FROM `mcj`.`ecs_category` WHERE parent_id = '25' AND is_show = 1 

SELECT count(*) FROM `mcj`.`ecs_category` WHERE parent_id = '26' AND is_show = 1 

SELECT count(*) FROM `mcj`.`ecs_category` WHERE parent_id = '27' AND is_show = 1 

SELECT count(*) FROM `mcj`.`ecs_category` WHERE parent_id = '28' AND is_show = 1 

SELECT count(*) FROM `mcj`.`ecs_category` WHERE parent_id = '29' AND is_show = 1 

SELECT count(*) FROM `mcj`.`ecs_category` WHERE parent_id = '30' AND is_show = 1 

SELECT count(*) FROM `mcj`.`ecs_category` WHERE parent_id = '9' AND is_show = 1 

SELECT cat_id, cat_name, parent_id, is_show,type_img FROM `mcj`.`ecs_category`WHERE parent_id = '9' AND is_show = 1 ORDER BY sort_order ASC, cat_id ASC

SELECT count(*) FROM `mcj`.`ecs_category` WHERE parent_id = '31' AND is_show = 1 

SELECT count(*) FROM `mcj`.`ecs_category` WHERE parent_id = '32' AND is_show = 1 

SELECT count(*) FROM `mcj`.`ecs_category` WHERE parent_id = '33' AND is_show = 1 

SELECT count(*) FROM `mcj`.`ecs_category` WHERE parent_id = '34' AND is_show = 1 

SELECT count(*) FROM `mcj`.`ecs_category` WHERE parent_id = '35' AND is_show = 1 

SELECT count(*) FROM `mcj`.`ecs_category` WHERE parent_id = '36' AND is_show = 1 

SELECT count(*) FROM `mcj`.`ecs_category` WHERE parent_id = '37' AND is_show = 1 

SELECT count(*) FROM `mcj`.`ecs_category` WHERE parent_id = '38' AND is_show = 1 

SELECT count(*) FROM `mcj`.`ecs_category` WHERE parent_id = '10' AND is_show = 1 

SELECT cat_id, cat_name, parent_id, is_show,type_img FROM `mcj`.`ecs_category`WHERE parent_id = '10' AND is_show = 1 ORDER BY sort_order ASC, cat_id ASC

SELECT count(*) FROM `mcj`.`ecs_category` WHERE parent_id = '39' AND is_show = 1 

SELECT count(*) FROM `mcj`.`ecs_category` WHERE parent_id = '40' AND is_show = 1 

SELECT count(*) FROM `mcj`.`ecs_category` WHERE parent_id = '41' AND is_show = 1 

SELECT count(*) FROM `mcj`.`ecs_category` WHERE parent_id = '42' AND is_show = 1 

SELECT count(*) FROM `mcj`.`ecs_category` WHERE parent_id = '43' AND is_show = 1 

SELECT count(*) FROM `mcj`.`ecs_category` WHERE parent_id = '44' AND is_show = 1 

SELECT count(*) FROM `mcj`.`ecs_category` WHERE parent_id = '45' AND is_show = 1 

SELECT count(*) FROM `mcj`.`ecs_category` WHERE parent_id = '46' AND is_show = 1 

SELECT count(*) FROM `mcj`.`ecs_category` WHERE parent_id = '12' AND is_show = 1 

SELECT cat_id, cat_name, parent_id, is_show,type_img FROM `mcj`.`ecs_category`WHERE parent_id = '12' AND is_show = 1 ORDER BY sort_order ASC, cat_id ASC

SELECT count(*) FROM `mcj`.`ecs_category` WHERE parent_id = '47' AND is_show = 1 

SELECT count(*) FROM `mcj`.`ecs_category` WHERE parent_id = '48' AND is_show = 1 

SELECT count(*) FROM `mcj`.`ecs_category` WHERE parent_id = '49' AND is_show = 1 

SELECT count(*) FROM `mcj`.`ecs_category` WHERE parent_id = '50' AND is_show = 1 

SELECT count(*) FROM `mcj`.`ecs_category` WHERE parent_id = '51' AND is_show = 1 

SELECT count(*) FROM `mcj`.`ecs_category` WHERE parent_id = '52' AND is_show = 1 

SELECT count(*) FROM `mcj`.`ecs_category` WHERE parent_id = '53' AND is_show = 1 

SELECT count(*) FROM `mcj`.`ecs_category` WHERE parent_id = '54' AND is_show = 1 

SELECT count(*) FROM `mcj`.`ecs_category` WHERE parent_id = '362' AND is_show = 1 

SELECT cat_id, cat_name, parent_id, is_show,type_img FROM `mcj`.`ecs_category`WHERE parent_id = '362' AND is_show = 1 ORDER BY sort_order ASC, cat_id ASC

SELECT count(*) FROM `mcj`.`ecs_category` WHERE parent_id = '395' AND is_show = 1 

SELECT count(*) FROM `mcj`.`ecs_category` WHERE parent_id = '396' AND is_show = 1 

SELECT count(*) FROM `mcj`.`ecs_category` WHERE parent_id = '366' AND is_show = 1 

SELECT cat_id, cat_name, parent_id, is_show,type_img FROM `mcj`.`ecs_category`WHERE parent_id = '366' AND is_show = 1 ORDER BY sort_order ASC, cat_id ASC

SELECT count(*) FROM `mcj`.`ecs_category` WHERE parent_id = '379' AND is_show = 1 

SELECT count(*) FROM `mcj`.`ecs_category` WHERE parent_id = '380' AND is_show = 1 

SELECT count(*) FROM `mcj`.`ecs_category` WHERE parent_id = '381' AND is_show = 1 

SELECT count(*) FROM `mcj`.`ecs_category` WHERE parent_id = '382' AND is_show = 1 

SELECT count(*) FROM `mcj`.`ecs_category` WHERE parent_id = '383' AND is_show = 1 

SELECT count(*) FROM `mcj`.`ecs_category` WHERE parent_id = '384' AND is_show = 1 

SELECT count(*) FROM `mcj`.`ecs_category` WHERE parent_id = '367' AND is_show = 1 

SELECT cat_id, cat_name, parent_id, is_show,type_img FROM `mcj`.`ecs_category`WHERE parent_id = '367' AND is_show = 1 ORDER BY sort_order ASC, cat_id ASC

SELECT count(*) FROM `mcj`.`ecs_category` WHERE parent_id = '368' AND is_show = 1 

SELECT count(*) FROM `mcj`.`ecs_category` WHERE parent_id = '369' AND is_show = 1 

SELECT count(*) FROM `mcj`.`ecs_category` WHERE parent_id = '370' AND is_show = 1 

SELECT count(*) FROM `mcj`.`ecs_category` WHERE parent_id = '371' AND is_show = 1 

SELECT count(*) FROM `mcj`.`ecs_category` WHERE parent_id = '372' AND is_show = 1 

SELECT count(*) FROM `mcj`.`ecs_category` WHERE parent_id = '373' AND is_show = 1 

SELECT count(*) FROM `mcj`.`ecs_category` WHERE parent_id = '374' AND is_show = 1 

SELECT count(*) FROM `mcj`.`ecs_category` WHERE parent_id = '375' AND is_show = 1 

SELECT count(*) FROM `mcj`.`ecs_category` WHERE parent_id = '376' AND is_show = 1 

SELECT count(*) FROM `mcj`.`ecs_category` WHERE parent_id = '377' AND is_show = 1 

SELECT count(*) FROM `mcj`.`ecs_category` WHERE parent_id = '378' AND is_show = 1 

SELECT count(*) FROM `mcj`.`ecs_category` WHERE parent_id = '394' AND is_show = 1 

SELECT g.is_promote,g.promote_start_date,g.promote_end_date,g.promote_price, g.shop_price , g.market_price  FROM `mcj`.`ecs_goods` AS g  WHERE g.goods_id = '300'

SELECT cat_id, cat_name, parent_id FROM `mcj`.`ecs_category`

SELECT c.cat_id, c.cat_name, c.measure_unit, c.parent_id, c.is_show, c.show_in_nav, c.grade, c.sort_order, COUNT(s.cat_id) AS has_children FROM `mcj`.`ecs_category` AS c LEFT JOIN `mcj`.`ecs_category` AS s ON s.parent_id=c.cat_id WHERE c.is_virtual= '0' GROUP BY c.cat_id ORDER BY c.parent_id, c.sort_order ASC

SELECT cat_id, COUNT(*) AS goods_num  FROM `mcj`.`ecs_goods` WHERE is_delete = 0 AND is_on_sale = 1  GROUP BY cat_id

SELECT gc.cat_id, COUNT(*) AS goods_num  FROM `mcj`.`ecs_goods_cat` AS gc , `mcj`.`ecs_goods` AS g  WHERE g.goods_id = gc.goods_id AND g.is_delete = 0 AND g.is_on_sale = 1  GROUP BY gc.cat_id

SELECT * FROM `mcj`.`ecs_nav`
            WHERE ifshow = '1' ORDER BY type, vieworder

SELECT goods_id FROM `mcj`.`ecs_goods` WHERE cat_id=3 AND goods_id > 300 AND is_on_sale = 1 AND is_alone_sale = 1 AND is_delete = 0 LIMIT 1

SELECT max(goods_id) FROM `mcj`.`ecs_goods` WHERE cat_id=3 AND goods_id < 300 AND is_on_sale = 1 AND is_alone_sale = 1 AND is_delete = 0

SELECT cat_id, cat_name, parent_id FROM `mcj`.`ecs_category`

SELECT attr_group FROM `mcj`.`ecs_goods_type` AS gt, `mcj`.`ecs_goods` AS g WHERE g.goods_id='300' AND gt.cat_id=g.goods_type

SELECT a.attr_id, a.attr_name, a.attr_group, a.is_linked, a.attr_type, g.goods_attr_id, g.attr_value, g.attr_price FROM `mcj`.`ecs_goods_attr` AS g LEFT JOIN `mcj`.`ecs_attribute` AS a ON a.attr_id = g.attr_id WHERE g.goods_id = '300' ORDER BY a.sort_order, g.attr_price, g.goods_attr_id

select attr_id from `mcj`.`ecs_attribute` where cat_id='0' and is_attr_gallery='1' 

SELECT goods_attr_id, attr_value FROM `mcj`.`ecs_goods_attr` WHERE goods_id = '300'

select goods_attr from `mcj`.`ecs_products` where product_number>0 and goods_id='300' order by goods_attr

SELECT a.article_id, a.title, a.file_url, a.open_type, a.add_time FROM `mcj`.`ecs_goods_article` AS g, `mcj`.`ecs_article` AS a WHERE g.article_id = a.article_id AND g.goods_id = '300' AND a.is_open = 1 ORDER BY a.add_time DESC

SELECT gg.parent_id, ggg.goods_name AS parent_name, gg.goods_id, gg.goods_price, g.goods_name, g.goods_thumb, g.goods_img, g.shop_price AS org_price, IFNULL(mp.user_price, g.shop_price * '1') AS shop_price FROM `mcj`.`ecs_group_goods` AS gg LEFT JOIN `mcj`.`ecs_goods`AS g ON g.goods_id = gg.goods_id LEFT JOIN `mcj`.`ecs_member_price` AS mp ON mp.goods_id = gg.goods_id AND mp.user_rank = '0' LEFT JOIN `mcj`.`ecs_goods` AS ggg ON ggg.goods_id = gg.parent_id WHERE gg.parent_id  IN ('300')  AND g.is_delete = 0 AND g.is_on_sale = 1 ORDER BY gg.parent_id, gg.goods_id

SELECT rank_id, IFNULL(mp.user_price, r.discount * 158.00 / 100) AS price, r.rank_name, r.discount FROM `mcj`.`ecs_user_rank` AS r LEFT JOIN `mcj`.`ecs_member_price` AS mp ON mp.goods_id = '300' AND mp.user_rank = r.rank_id WHERE r.show_price = 1 OR r.rank_id = '0'

SELECT img_id, img_url, thumb_url, img_desc FROM `mcj`.`ecs_goods_gallery` WHERE goods_id = '300' LIMIT 5

select value from  (SELECT * FROM (SELECT * FROM `mcj`.`ecs_ecsmart_shop_config` UNION SELECT * FROM `mcj`.`ecs_shop_config`) AS total group by code) AS totals  where code = 'pc_url' 

select value from  (SELECT * FROM (SELECT * FROM `mcj`.`ecs_ecsmart_shop_config` UNION SELECT * FROM `mcj`.`ecs_shop_config`) AS total group by code) AS totals  where code = 'pc_url' 

select value from  (SELECT * FROM (SELECT * FROM `mcj`.`ecs_ecsmart_shop_config` UNION SELECT * FROM `mcj`.`ecs_shop_config`) AS total group by code) AS totals  where code = 'pc_url' 

select value from  (SELECT * FROM (SELECT * FROM `mcj`.`ecs_ecsmart_shop_config` UNION SELECT * FROM `mcj`.`ecs_shop_config`) AS total group by code) AS totals  where code = 'pc_url' 

select value from  (SELECT * FROM (SELECT * FROM `mcj`.`ecs_ecsmart_shop_config` UNION SELECT * FROM `mcj`.`ecs_shop_config`) AS total group by code) AS totals  where code = 'pc_url' 

select value from  (SELECT * FROM (SELECT * FROM `mcj`.`ecs_ecsmart_shop_config` UNION SELECT * FROM `mcj`.`ecs_shop_config`) AS total group by code) AS totals  where code = 'pc_url' 

SELECT COUNT(b.goods_id ) AS num, g.goods_id, g.goods_name, g.goods_thumb, g.goods_img, g.shop_price, g.promote_price, g.promote_start_date, g.promote_end_date FROM `mcj`.`ecs_order_goods` AS a LEFT JOIN `mcj`.`ecs_order_goods` AS b ON b.order_id = a.order_id LEFT JOIN `mcj`.`ecs_goods` AS g ON g.goods_id = b.goods_id WHERE a.goods_id = '300' AND b.goods_id <> '300' AND g.is_on_sale = 1 AND g.is_alone_sale = 1 AND g.is_delete = 0 GROUP BY b.goods_id ORDER BY num DESC LIMIT 5

SELECT IFNULL(SUM(g.goods_number), 0) FROM `mcj`.`ecs_order_info` AS o, `mcj`.`ecs_order_goods` AS g WHERE o.order_id = g.order_id AND o.order_status = '1' AND o.shipping_status  IN ('1','2')  AND o.pay_status  IN ('2','1')  AND g.goods_id = '300'

SELECT COUNT(*) FROM `mcj`.`ecs_comment` where comment_type=0 and id_value ='300' and status=1

SELECT ghost_count FROM `mcj`.`ecs_goods` where goods_id=300

select sum(goods_number) as count from `mcj`.`ecs_order_goods`where goods_id ='300'

SELECT count(*) FROM `mcj`.`ecs_comment` WHERE status=1 and  comment_type =0 and id_value =300

select * from `mcj`.`ecs_comment` where comment_type=0 and status=1 and comment_rank!=0 and id_value=300

SELECT tag_id, user_id, tag_words, COUNT(tag_id) AS tag_count FROM `mcj`.`ecs_tag` WHERE goods_id = '300' GROUP BY tag_words

SELECT pg.goods_id, ga.act_id, ga.act_name, ga.act_desc, ga.goods_name, ga.start_time,
                   ga.end_time, ga.is_finished, ga.ext_info
            FROM `mcj`.`ecs_goods_activity` AS ga, `mcj`.`ecs_package_goods` AS pg
            WHERE pg.package_id = ga.act_id
            AND ga.start_time <= '1496623645'
            AND ga.end_time >= '1496623645'
            AND pg.goods_id = 300
            GROUP BY ga.act_id
            ORDER BY ga.act_id 

SELECT ga.act_id,ga.ext_info
            FROM `mcj`.`ecs_goods_activity` AS ga, `mcj`.`ecs_package_goods` AS pg
            WHERE pg.package_id = ga.act_id
            AND ga.start_time <= '1496623645'
            AND ga.end_time >= '1496623645'
            AND pg.goods_id = 300
            GROUP BY pg.package_id
            ORDER BY ga.act_id

SELECT id, number, type FROM `mcj`.`ecs_ecsmart_template` WHERE filename = 'goods' AND type > 0 AND remarks ='' AND theme='68ecshopcom_mobile'

SELECT `volume_number` , `volume_price` FROM `mcj`.`ecs_volume_price` WHERE `goods_id` = '300' AND `price_type` = '1' ORDER BY `volume_number`

SELECT * FROM `mcj`.`ecs_goods_tag` WHERE goods_id = '300' AND state = 1

select tag_id from `mcj`.`ecs_goods_tag` where goods_id = 300 and tag_name = ''

SELECT COUNT(*) FROM `mcj`.`ecs_comment` AS c 
										 LEFT JOIN `mcj`.`ecs_shaidan` AS s ON c.rec_id=s.rec_id
										 WHERE c.id_value = '300' AND c.status = 1 AND c.comment_rank > 0 

SELECT c.*, u.headimg, s.shaidan_id, s.status AS shaidan_status,s.title,s.message FROM `mcj`.`ecs_comment` AS c 
				LEFT JOIN `mcj`.`ecs_users` AS u ON c.user_id=u.user_id
				LEFT JOIN `mcj`.`ecs_shaidan` AS s ON c.rec_id=s.rec_id
				WHERE c.id_value = '300' AND c.status = 1 AND c.comment_rank > 0  ORDER BY c.add_time DESC LIMIT 5

UPDATE `mcj`.`ecs_goods` SET click_count = click_count + 1 WHERE goods_id = '300'

SELECT region, library, sort_order, id, number, type FROM `mcj`.`ecs_ecsmart_template` WHERE theme = '68ecshopcom_mobile' AND filename = 'goods' AND type > 0 AND remarks='' ORDER BY region, library, sort_order

SELECT * FROM `mcj`.`ecs_weixin_config`

SELECT c.*,g.goods_name,g.goods_thumb,g.goods_id,c.goods_number,c.goods_price FROM `mcj`.`ecs_cart` AS c  LEFT JOIN `mcj`.`ecs_goods` AS g ON g.goods_id=c.goods_id  WHERE c.session_id = '018ac68e2850fc2d9bb033a0ae740552' AND c.user_id=0  AND rec_type = '0'

SELECT SUM(goods_number) AS number, SUM(goods_price * goods_number) AS amount FROM `mcj`.`ecs_cart` AS c  WHERE c.session_id = '018ac68e2850fc2d9bb033a0ae740552' AND c.user_id=0  AND rec_type = '0'

SELECT COUNT(*) FROM `mcj`.`ecs_comment` WHERE id_value = '300' AND comment_type = '0' AND status = 1 AND parent_id = 0   

SELECT * FROM `mcj`.`ecs_comment` WHERE id_value = '300' AND comment_type = '0' AND status = 1 AND parent_id = 0    ORDER BY comment_id DESC LIMIT 5

UPDATE `mcj`.`ecs_sessions` SET expiry = '1496623646', ip = '180.76.15.139', userid = '0', adminid = '0', user_name='0', user_rank='0', discount='1', email='0', data = 'a:3:{s:7:\"from_ad\";i:0;s:7:\"referer\";s:6:\"本站\";s:10:\"login_fail\";i:0;}' WHERE sesskey = '018ac68e2850fc2d9bb033a0ae740552' LIMIT 1

DELETE FROM `mcj`.`ecs_sessions` WHERE expiry < 1496621846

SELECT code, value FROM  (SELECT * FROM (SELECT * FROM `mcj`.`ecs_ecsmart_shop_config` UNION SELECT * FROM `mcj`.`ecs_shop_config`) AS total group by code) AS totals  WHERE parent_id > 0

DESC `mcj`.`ecs_searchengine`

INSERT INTO `mcj`.`ecs_searchengine` (date, searchengine, count) VALUES ('2017-06-05', 'GOOGLE', '1')ON DUPLICATE KEY UPDATE count = count + 1

SELECT * FROM `mcj`.`ecs_goods_tag` WHERE goods_id = '122' AND state = 1

select tag_id from `mcj`.`ecs_goods_tag` where goods_id = 122 and tag_name = ''

SELECT COUNT(*) FROM `mcj`.`ecs_comment` AS c 
										 LEFT JOIN `mcj`.`ecs_shaidan` AS s ON c.rec_id=s.rec_id
										 WHERE c.id_value = '122' AND c.status = 1 AND c.comment_rank > 0 

SELECT c.*, u.headimg, s.shaidan_id, s.status AS shaidan_status,s.title,s.message FROM `mcj`.`ecs_comment` AS c 
				LEFT JOIN `mcj`.`ecs_users` AS u ON c.user_id=u.user_id
				LEFT JOIN `mcj`.`ecs_shaidan` AS s ON c.rec_id=s.rec_id
				WHERE c.id_value = '122' AND c.status = 1 AND c.comment_rank > 0  ORDER BY c.add_time DESC LIMIT 5

SELECT code, value FROM  (SELECT * FROM (SELECT * FROM `mcj`.`ecs_ecsmart_shop_config` UNION SELECT * FROM `mcj`.`ecs_shop_config`) AS total group by code) AS totals  WHERE parent_id > 0

DESC `mcj`.`ecs_searchengine`

INSERT INTO `mcj`.`ecs_searchengine` (date, searchengine, count) VALUES ('2017-06-05', 'GOOGLE', '1')ON DUPLICATE KEY UPDATE count = count + 1

select exclusive from `mcj`.`ecs_goods` where goods_id = 122

SELECT `volume_number` , `volume_price` FROM `mcj`.`ecs_volume_price` WHERE `goods_id` = '122' AND `price_type` = '1' ORDER BY `volume_number`

SELECT g.promote_price, g.promote_start_date, g.promote_end_date, IFNULL(mp.user_price, g.shop_price * '1') AS shop_price, g.exclusive  FROM `mcj`.`ecs_goods` AS g  LEFT JOIN `mcj`.`ecs_member_price` AS mp ON mp.goods_id = g.goods_id AND mp.user_rank = '0'  WHERE g.goods_id = '122' AND g.is_delete = 0

select goods_number from `mcj`.`ecs_goods` where goods_id=122

select goods_thumb from `mcj`.`ecs_goods` where goods_id = 122

select value from  (SELECT * FROM (SELECT * FROM `mcj`.`ecs_ecsmart_shop_config` UNION SELECT * FROM `mcj`.`ecs_shop_config`) AS total group by code) AS totals  where code = 'pc_url' 

SELECT code, value FROM  (SELECT * FROM (SELECT * FROM `mcj`.`ecs_ecsmart_shop_config` UNION SELECT * FROM `mcj`.`ecs_shop_config`) AS total group by code) AS totals  WHERE parent_id > 0

DESC `mcj`.`ecs_searchengine`

INSERT INTO `mcj`.`ecs_searchengine` (date, searchengine, count) VALUES ('2017-06-05', 'GOOGLE', '1')ON DUPLICATE KEY UPDATE count = count + 1

SELECT * FROM `mcj`.`ecs_goods_tag` WHERE goods_id = '91' AND state = 1

select tag_id from `mcj`.`ecs_goods_tag` where goods_id = 91 and tag_name = ''

SELECT COUNT(*) FROM `mcj`.`ecs_comment` AS c 
										 LEFT JOIN `mcj`.`ecs_shaidan` AS s ON c.rec_id=s.rec_id
										 WHERE c.id_value = '91' AND c.status = 1 AND c.comment_rank > 0 

SELECT c.*, u.headimg, s.shaidan_id, s.status AS shaidan_status,s.title,s.message FROM `mcj`.`ecs_comment` AS c 
				LEFT JOIN `mcj`.`ecs_users` AS u ON c.user_id=u.user_id
				LEFT JOIN `mcj`.`ecs_shaidan` AS s ON c.rec_id=s.rec_id
				WHERE c.id_value = '91' AND c.status = 1 AND c.comment_rank > 0  ORDER BY c.add_time DESC LIMIT 5

SELECT code, value FROM  (SELECT * FROM (SELECT * FROM `mcj`.`ecs_ecsmart_shop_config` UNION SELECT * FROM `mcj`.`ecs_shop_config`) AS total group by code) AS totals  WHERE parent_id > 0

DESC `mcj`.`ecs_searchengine`

INSERT INTO `mcj`.`ecs_searchengine` (date, searchengine, count) VALUES ('2017-06-05', 'GOOGLE', '1')ON DUPLICATE KEY UPDATE count = count + 1

select exclusive from `mcj`.`ecs_goods` where goods_id = 91

SELECT `volume_number` , `volume_price` FROM `mcj`.`ecs_volume_price` WHERE `goods_id` = '91' AND `price_type` = '1' ORDER BY `volume_number`

SELECT g.promote_price, g.promote_start_date, g.promote_end_date, IFNULL(mp.user_price, g.shop_price * '1') AS shop_price, g.exclusive  FROM `mcj`.`ecs_goods` AS g  LEFT JOIN `mcj`.`ecs_member_price` AS mp ON mp.goods_id = g.goods_id AND mp.user_rank = '0'  WHERE g.goods_id = '91' AND g.is_delete = 0

select goods_number from `mcj`.`ecs_goods` where goods_id=91

select goods_thumb from `mcj`.`ecs_goods` where goods_id = 91

select value from  (SELECT * FROM (SELECT * FROM `mcj`.`ecs_ecsmart_shop_config` UNION SELECT * FROM `mcj`.`ecs_shop_config`) AS total group by code) AS totals  where code = 'pc_url' 

SELECT code, value FROM  (SELECT * FROM (SELECT * FROM `mcj`.`ecs_ecsmart_shop_config` UNION SELECT * FROM `mcj`.`ecs_shop_config`) AS total group by code) AS totals  WHERE parent_id > 0

DESC `mcj`.`ecs_searchengine`

INSERT INTO `mcj`.`ecs_searchengine` (date, searchengine, count) VALUES ('2017-06-05', 'GOOGLE', '1')ON DUPLICATE KEY UPDATE count = count + 1

SELECT * FROM `mcj`.`ecs_goods_tag` WHERE goods_id = '86' AND state = 1

select tag_id from `mcj`.`ecs_goods_tag` where goods_id = 86 and tag_name = ''

SELECT COUNT(*) FROM `mcj`.`ecs_comment` AS c 
										 LEFT JOIN `mcj`.`ecs_shaidan` AS s ON c.rec_id=s.rec_id
										 WHERE c.id_value = '86' AND c.status = 1 AND c.comment_rank > 0 

SELECT c.*, u.headimg, s.shaidan_id, s.status AS shaidan_status,s.title,s.message FROM `mcj`.`ecs_comment` AS c 
				LEFT JOIN `mcj`.`ecs_users` AS u ON c.user_id=u.user_id
				LEFT JOIN `mcj`.`ecs_shaidan` AS s ON c.rec_id=s.rec_id
				WHERE c.id_value = '86' AND c.status = 1 AND c.comment_rank > 0  ORDER BY c.add_time DESC LIMIT 5

SELECT code, value FROM  (SELECT * FROM (SELECT * FROM `mcj`.`ecs_ecsmart_shop_config` UNION SELECT * FROM `mcj`.`ecs_shop_config`) AS total group by code) AS totals  WHERE parent_id > 0

DESC `mcj`.`ecs_searchengine`

INSERT INTO `mcj`.`ecs_searchengine` (date, searchengine, count) VALUES ('2017-06-05', 'GOOGLE', '1')ON DUPLICATE KEY UPDATE count = count + 1

select exclusive from `mcj`.`ecs_goods` where goods_id = 86

SELECT `volume_number` , `volume_price` FROM `mcj`.`ecs_volume_price` WHERE `goods_id` = '86' AND `price_type` = '1' ORDER BY `volume_number`

SELECT g.promote_price, g.promote_start_date, g.promote_end_date, IFNULL(mp.user_price, g.shop_price * '1') AS shop_price, g.exclusive  FROM `mcj`.`ecs_goods` AS g  LEFT JOIN `mcj`.`ecs_member_price` AS mp ON mp.goods_id = g.goods_id AND mp.user_rank = '0'  WHERE g.goods_id = '86' AND g.is_delete = 0

select goods_number from `mcj`.`ecs_goods` where goods_id=86

select goods_thumb from `mcj`.`ecs_goods` where goods_id = 86

select value from  (SELECT * FROM (SELECT * FROM `mcj`.`ecs_ecsmart_shop_config` UNION SELECT * FROM `mcj`.`ecs_shop_config`) AS total group by code) AS totals  where code = 'pc_url' 

SELECT code, value FROM  (SELECT * FROM (SELECT * FROM `mcj`.`ecs_ecsmart_shop_config` UNION SELECT * FROM `mcj`.`ecs_shop_config`) AS total group by code) AS totals  WHERE parent_id > 0

DESC `mcj`.`ecs_searchengine`

INSERT INTO `mcj`.`ecs_searchengine` (date, searchengine, count) VALUES ('2017-06-05', 'GOOGLE', '1')ON DUPLICATE KEY UPDATE count = count + 1

select exclusive from `mcj`.`ecs_goods` where goods_id = 191

SELECT `volume_number` , `volume_price` FROM `mcj`.`ecs_volume_price` WHERE `goods_id` = '191' AND `price_type` = '1' ORDER BY `volume_number`

SELECT g.promote_price, g.promote_start_date, g.promote_end_date, IFNULL(mp.user_price, g.shop_price * '1') AS shop_price, g.exclusive  FROM `mcj`.`ecs_goods` AS g  LEFT JOIN `mcj`.`ecs_member_price` AS mp ON mp.goods_id = g.goods_id AND mp.user_rank = '0'  WHERE g.goods_id = '191' AND g.is_delete = 0

select goods_number from `mcj`.`ecs_goods` where goods_id=191

select goods_thumb from `mcj`.`ecs_goods` where goods_id = 191

select value from  (SELECT * FROM (SELECT * FROM `mcj`.`ecs_ecsmart_shop_config` UNION SELECT * FROM `mcj`.`ecs_shop_config`) AS total group by code) AS totals  where code = 'pc_url' 

SELECT code, value FROM  (SELECT * FROM (SELECT * FROM `mcj`.`ecs_ecsmart_shop_config` UNION SELECT * FROM `mcj`.`ecs_shop_config`) AS total group by code) AS totals  WHERE parent_id > 0

DESC `mcj`.`ecs_searchengine`

INSERT INTO `mcj`.`ecs_searchengine` (date, searchengine, count) VALUES ('2017-06-05', 'GOOGLE', '1')ON DUPLICATE KEY UPDATE count = count + 1

SELECT * FROM `mcj`.`ecs_goods_tag` WHERE goods_id = '191' AND state = 1

select tag_id from `mcj`.`ecs_goods_tag` where goods_id = 191 and tag_name = ''

SELECT COUNT(*) FROM `mcj`.`ecs_comment` AS c 
										 LEFT JOIN `mcj`.`ecs_shaidan` AS s ON c.rec_id=s.rec_id
										 WHERE c.id_value = '191' AND c.status = 1 AND c.comment_rank > 0 

SELECT c.*, u.headimg, s.shaidan_id, s.status AS shaidan_status,s.title,s.message FROM `mcj`.`ecs_comment` AS c 
				LEFT JOIN `mcj`.`ecs_users` AS u ON c.user_id=u.user_id
				LEFT JOIN `mcj`.`ecs_shaidan` AS s ON c.rec_id=s.rec_id
				WHERE c.id_value = '191' AND c.status = 1 AND c.comment_rank > 0  ORDER BY c.add_time DESC LIMIT 5

SELECT code, value FROM  (SELECT * FROM (SELECT * FROM `mcj`.`ecs_ecsmart_shop_config` UNION SELECT * FROM `mcj`.`ecs_shop_config`) AS total group by code) AS totals  WHERE parent_id > 0

DESC `mcj`.`ecs_searchengine`

INSERT INTO `mcj`.`ecs_searchengine` (date, searchengine, count) VALUES ('2017-06-05', 'GOOGLE', '1')ON DUPLICATE KEY UPDATE count = count + 1

select exclusive from `mcj`.`ecs_goods` where goods_id = 191

SELECT `volume_number` , `volume_price` FROM `mcj`.`ecs_volume_price` WHERE `goods_id` = '191' AND `price_type` = '1' ORDER BY `volume_number`

SELECT g.promote_price, g.promote_start_date, g.promote_end_date, IFNULL(mp.user_price, g.shop_price * '1') AS shop_price, g.exclusive  FROM `mcj`.`ecs_goods` AS g  LEFT JOIN `mcj`.`ecs_member_price` AS mp ON mp.goods_id = g.goods_id AND mp.user_rank = '0'  WHERE g.goods_id = '191' AND g.is_delete = 0

select goods_number from `mcj`.`ecs_goods` where goods_id=191

select goods_thumb from `mcj`.`ecs_goods` where goods_id = 191

select value from  (SELECT * FROM (SELECT * FROM `mcj`.`ecs_ecsmart_shop_config` UNION SELECT * FROM `mcj`.`ecs_shop_config`) AS total group by code) AS totals  where code = 'pc_url' 

