INSERT INTO `mcj`.`ecs_sessions` (sesskey, expiry, ip, data) VALUES ('6378155173f1d6c3ed932d0eadb1df3b', '1493835730', '39.89.53.104', 'a:0:{}')

SELECT code, value FROM  (SELECT * FROM (SELECT * FROM `mcj`.`ecs_ecsmart_shop_config` UNION SELECT * FROM `mcj`.`ecs_shop_config`) AS total group by code) AS totals  WHERE parent_id > 0

UPDATE `mcj`.`ecs_sessions` SET expiry = '1493835730', ip = '39.89.53.104', userid = '0', adminid = '0', user_name='0', user_rank='0', discount='0', email='0', data = 'a:0:{}' WHERE sesskey = '6378155173f1d6c3ed932d0eadb1df3b' LIMIT 1

DELETE FROM `mcj`.`ecs_sessions_data` WHERE expiry < 1493833930

DELETE FROM `mcj`.`ecs_sessions` WHERE expiry < 1493833930

SELECT userid, adminid, user_name, user_rank, discount, email, data, expiry FROM `mcj`.`ecs_sessions` WHERE sesskey = '6378155173f1d6c3ed932d0eadb1df3b'

SELECT code, value FROM  (SELECT * FROM (SELECT * FROM `mcj`.`ecs_ecsmart_shop_config` UNION SELECT * FROM `mcj`.`ecs_shop_config`) AS total group by code) AS totals  WHERE parent_id > 0

DELETE FROM `mcj`.`ecs_sessions` WHERE expiry < 1493833930

SELECT userid, adminid, user_name, user_rank, discount, email, data, expiry FROM `mcj`.`ecs_sessions` WHERE sesskey = '6378155173f1d6c3ed932d0eadb1df3b'

SELECT code, value FROM  (SELECT * FROM (SELECT * FROM `mcj`.`ecs_ecsmart_shop_config` UNION SELECT * FROM `mcj`.`ecs_shop_config`) AS total group by code) AS totals  WHERE parent_id > 0

SELECT `ec_salt` FROM `mcj`.`ecs_admin_user`WHERE user_name = 'admin'

SELECT user_id, user_name, password, last_login, action_list, last_login,suppliers_id,ec_salt FROM `mcj`.`ecs_admin_user` WHERE user_name = 'admin' AND password = 'ee0abc0405216b57d788453278e9a212'

DELETE FROM `mcj`.`ecs_sessions` WHERE expiry < 1493833934

SELECT userid, adminid, user_name, user_rank, discount, email, data, expiry FROM `mcj`.`ecs_sessions` WHERE sesskey = '6378155173f1d6c3ed932d0eadb1df3b'

SELECT code, value FROM  (SELECT * FROM (SELECT * FROM `mcj`.`ecs_ecsmart_shop_config` UNION SELECT * FROM `mcj`.`ecs_shop_config`) AS total group by code) AS totals  WHERE parent_id > 0

SELECT `ec_salt` FROM `mcj`.`ecs_admin_user`WHERE user_name = 'admin'

SELECT user_id, user_name, password, last_login, action_list, last_login,suppliers_id,ec_salt FROM `mcj`.`ecs_admin_user` WHERE user_name = 'admin' AND password = 'd744f22d60b5c67b6eeb99dc24d18897'

UPDATE `mcj`.`ecs_admin_user` SET last_login='1493835740', last_ip='39.89.53.104' WHERE user_id='1'

SELECT DISTINCT session_id FROM `mcj`.`ecs_cart` AS c, `mcj`.`ecs_sessions` AS s WHERE c.session_id = s.sesskey 

DELETE FROM `mcj`.`ecs_cart` WHERE session_id NOT  IN ('') 

UPDATE `mcj`.`ecs_sessions` SET expiry = '1493835740', ip = '39.89.53.104', userid = '0', adminid = '1', user_name='0', user_rank='0', discount='0', email='0', data = 'a:4:{s:10:\"admin_name\";s:5:\"admin\";s:11:\"action_list\";s:3:\"all\";s:10:\"last_check\";s:10:\"1493393766\";s:12:\"suppliers_id\";s:1:\"0\";}' WHERE sesskey = '6378155173f1d6c3ed932d0eadb1df3b' LIMIT 1

DELETE FROM `mcj`.`ecs_sessions` WHERE expiry < 1493833940

SELECT userid, adminid, user_name, user_rank, discount, email, data, expiry FROM `mcj`.`ecs_sessions` WHERE sesskey = '6378155173f1d6c3ed932d0eadb1df3b'

SELECT code, value FROM  (SELECT * FROM (SELECT * FROM `mcj`.`ecs_ecsmart_shop_config` UNION SELECT * FROM `mcj`.`ecs_shop_config`) AS total group by code) AS totals  WHERE parent_id > 0

DELETE FROM `mcj`.`ecs_sessions` WHERE expiry < 1493833940

SELECT userid, adminid, user_name, user_rank, discount, email, data, expiry FROM `mcj`.`ecs_sessions` WHERE sesskey = '6378155173f1d6c3ed932d0eadb1df3b'

SELECT code, value FROM  (SELECT * FROM (SELECT * FROM `mcj`.`ecs_ecsmart_shop_config` UNION SELECT * FROM `mcj`.`ecs_shop_config`) AS total group by code) AS totals  WHERE parent_id > 0

DELETE FROM `mcj`.`ecs_sessions` WHERE expiry < 1493833940

SELECT userid, adminid, user_name, user_rank, discount, email, data, expiry FROM `mcj`.`ecs_sessions` WHERE sesskey = '6378155173f1d6c3ed932d0eadb1df3b'

SELECT code, value FROM  (SELECT * FROM (SELECT * FROM `mcj`.`ecs_ecsmart_shop_config` UNION SELECT * FROM `mcj`.`ecs_shop_config`) AS total group by code) AS totals  WHERE parent_id > 0

SELECT userid, adminid, user_name, user_rank, discount, email, data, expiry FROM `mcj`.`ecs_sessions` WHERE sesskey = '6378155173f1d6c3ed932d0eadb1df3b'

SELECT code, value FROM  (SELECT * FROM (SELECT * FROM `mcj`.`ecs_ecsmart_shop_config` UNION SELECT * FROM `mcj`.`ecs_shop_config`) AS total group by code) AS totals  WHERE parent_id > 0

SELECT userid, adminid, user_name, user_rank, discount, email, data, expiry FROM `mcj`.`ecs_sessions` WHERE sesskey = '6378155173f1d6c3ed932d0eadb1df3b'

SELECT code, value FROM  (SELECT * FROM (SELECT * FROM `mcj`.`ecs_ecsmart_shop_config` UNION SELECT * FROM `mcj`.`ecs_shop_config`) AS total group by code) AS totals  WHERE parent_id > 0

SELECT message_id, sender_id, receiver_id, sent_time, readed, deleted, title, message, user_name FROM `mcj`.`ecs_admin_message` AS a, `mcj`.`ecs_admin_user` AS b WHERE a.sender_id = b.user_id AND a.receiver_id = '1' AND a.readed = 0 AND deleted = 0 ORDER BY a.sent_time DESC

SELECT pay_id, is_cod FROM `mcj`.`ecs_payment` WHERE enabled = 1

SELECT COUNT(*) FROM `mcj`.`ecs_order_info` WHERE 1  AND order_status  IN ('1','5')  AND shipping_status  IN ('2')  AND pay_status  IN ('2','1')  

SELECT pay_id FROM `mcj`.`ecs_payment` WHERE is_cod = 1

SELECT COUNT(*) FROM `mcj`.`ecs_order_info` WHERE 1  AND   order_status  IN ('1','5','6')  AND   shipping_status  IN ('0','3','5')  AND ( pay_status  IN ('2','1')  OR pay_id  IN ('6') ) 

SELECT nav_list FROM `mcj`.`ecs_admin_user` WHERE user_id = '1'

SELECT pay_id FROM `mcj`.`ecs_payment` WHERE is_cod = 0

SELECT COUNT(*) FROM `mcj`.`ecs_order_info` WHERE 1  AND   order_status  IN ('1','0')  AND   pay_status = '0' AND ( shipping_status  IN ('1','2')  OR pay_id  IN ('1','2','3','4','5','7') ) 

SELECT COUNT(*) FROM `mcj`.`ecs_order_info` WHERE 1  AND order_status = '0' 

SELECT COUNT(*) FROM `mcj`.`ecs_order_info` WHERE  shipping_status=4

SELECT COUNT(*) AS oCount, IFNULL(SUM(order_amount), 0) AS oAmount FROM `mcj`.`ecs_order_info`

DELETE FROM `mcj`.`ecs_sessions_data` WHERE expiry < 1493833941

SELECT COUNT(*) FROM `mcj`.`ecs_goods` WHERE is_delete = 0 AND is_alone_sale = 1 AND is_real = 1

SELECT COUNT(*) FROM `mcj`.`ecs_goods` WHERE is_delete = 0 AND is_alone_sale = 1 AND is_real=0 AND extension_code='virtual_card'

SELECT COUNT(*) FROM `mcj`.`ecs_goods` WHERE is_delete = 0 AND is_new = 1 AND is_real = 1

SELECT COUNT(*) FROM `mcj`.`ecs_goods` WHERE is_delete = 0 AND is_new = 1 AND is_real=0 AND extension_code='virtual_card'

SELECT COUNT(*) FROM `mcj`.`ecs_goods` WHERE is_delete = 0 AND is_best = 1 AND is_real = 1

SELECT COUNT(*) FROM `mcj`.`ecs_goods` WHERE is_delete = 0 AND is_best = 1 AND is_real=0 AND extension_code='virtual_card'

SELECT COUNT(*) FROM `mcj`.`ecs_goods` WHERE is_delete = 0 AND is_hot = 1 AND is_real = 1

SELECT COUNT(*) FROM `mcj`.`ecs_goods` WHERE is_delete = 0 AND is_hot = 1 AND is_real=0 AND extension_code='virtual_card'

SELECT COUNT(*) FROM `mcj`.`ecs_goods` WHERE is_delete = 0 AND promote_price>0 AND promote_start_date <= '1493835741' AND promote_end_date >= '1493835741' AND is_real = 1

SELECT COUNT(*) FROM `mcj`.`ecs_goods` WHERE is_delete = 0 AND promote_price>0 AND promote_start_date <= '1493835741' AND promote_end_date >= '1493835741' AND is_real=0 AND extension_code='virtual_card'

SELECT COUNT(*) FROM `mcj`.`ecs_stats` WHERE access_time > 1493856000

SELECT count(*) FROM `mcj`.`ecs_sessions`

SELECT COUNT(f.msg_id) FROM `mcj`.`ecs_feedback` AS f LEFT JOIN `mcj`.`ecs_feedback` AS r ON r.parent_id=f.msg_id WHERE f.parent_id=0 AND ISNULL(r.msg_id) 

SELECT COUNT(*) FROM `mcj`.`ecs_comment` WHERE status = 0 AND parent_id = 0

SELECT COUNT(*) FROM `mcj`.`ecs_booking_goods` WHERE is_dispose = 0

SELECT COUNT(*) FROM `mcj`.`ecs_user_account` WHERE process_type = 1 AND is_paid = 0 

DELETE FROM `mcj`.`ecs_sessions_data` WHERE expiry < 1493833941

SELECT userid, adminid, user_name, user_rank, discount, email, data, expiry FROM `mcj`.`ecs_sessions` WHERE sesskey = '6378155173f1d6c3ed932d0eadb1df3b'

SELECT code, value FROM  (SELECT * FROM (SELECT * FROM `mcj`.`ecs_ecsmart_shop_config` UNION SELECT * FROM `mcj`.`ecs_shop_config`) AS total group by code) AS totals  WHERE parent_id > 0

SELECT code, value
            FROM  (SELECT * FROM (SELECT * FROM `mcj`.`ecs_ecsmart_shop_config` UNION SELECT * FROM `mcj`.`ecs_shop_config`) AS total group by code) AS totals 
            WHERE code IN ('certificate_id', 'token', 'certi')
            LIMIT 0,3

SELECT userid, adminid, user_name, user_rank, discount, email, data, expiry FROM `mcj`.`ecs_sessions` WHERE sesskey = '6378155173f1d6c3ed932d0eadb1df3b'

SELECT code, value
            FROM  (SELECT * FROM (SELECT * FROM `mcj`.`ecs_ecsmart_shop_config` UNION SELECT * FROM `mcj`.`ecs_shop_config`) AS total group by code) AS totals 
            WHERE code IN ('certificate_id', 'token', 'certi')
            LIMIT 0,3

SELECT code, value FROM  (SELECT * FROM (SELECT * FROM `mcj`.`ecs_ecsmart_shop_config` UNION SELECT * FROM `mcj`.`ecs_shop_config`) AS total group by code) AS totals  WHERE parent_id > 0

SELECT userid, adminid, user_name, user_rank, discount, email, data, expiry FROM `mcj`.`ecs_sessions` WHERE sesskey = '6378155173f1d6c3ed932d0eadb1df3b'

SELECT code, value FROM  (SELECT * FROM (SELECT * FROM `mcj`.`ecs_ecsmart_shop_config` UNION SELECT * FROM `mcj`.`ecs_shop_config`) AS total group by code) AS totals  WHERE parent_id > 0

SELECT COUNT(*) FROM `mcj`.`ecs_order_info` WHERE add_time >= '1493393766'

SELECT COUNT(*) AS oCount, IFNULL(SUM(order_amount), 0) AS oAmount FROM `mcj`.`ecs_order_info`

SELECT COUNT(*) FROM `mcj`.`ecs_order_info` WHERE pay_time >= 1493393766

SELECT COUNT(*) FROM `mcj`.`ecs_goods` WHERE is_delete = 0 AND is_alone_sale = 1 AND is_real = 1

SELECT COUNT(*) FROM `mcj`.`ecs_users`

UPDATE `mcj`.`ecs_sessions` SET expiry = '1493835741', ip = '39.89.53.104', userid = '0', adminid = '1', user_name='0', user_rank='0', discount='0', email='0', data = 'a:4:{s:10:\"admin_name\";s:5:\"admin\";s:11:\"action_list\";s:3:\"all\";s:10:\"last_check\";i:1493835741;s:12:\"suppliers_id\";s:1:\"0\";}' WHERE sesskey = '6378155173f1d6c3ed932d0eadb1df3b' LIMIT 1

DELETE FROM `mcj`.`ecs_sessions_data` WHERE expiry < 1493833941

SELECT value FROM  (SELECT * FROM (SELECT * FROM `mcj`.`ecs_ecsmart_shop_config` UNION SELECT * FROM `mcj`.`ecs_shop_config`) AS total group by code) AS totals  WHERE code = 'template'

SELECT value FROM  (SELECT * FROM (SELECT * FROM `mcj`.`ecs_ecsmart_shop_config` UNION SELECT * FROM `mcj`.`ecs_shop_config`) AS total group by code) AS totals  WHERE code = 'stylename'

SELECT userid, adminid, user_name, user_rank, discount, email, data, expiry FROM `mcj`.`ecs_sessions` WHERE sesskey = '6378155173f1d6c3ed932d0eadb1df3b'

SELECT code, value FROM  (SELECT * FROM (SELECT * FROM `mcj`.`ecs_ecsmart_shop_config` UNION SELECT * FROM `mcj`.`ecs_shop_config`) AS total group by code) AS totals  WHERE parent_id > 0

DELETE FROM `mcj`.`ecs_sessions` WHERE expiry < 1493833942

DELETE FROM `mcj`.`ecs_sessions` WHERE expiry < 1493833942

DELETE FROM `mcj`.`ecs_sessions` WHERE expiry < 1493833942

SELECT userid, adminid, user_name, user_rank, discount, email, data, expiry FROM `mcj`.`ecs_sessions` WHERE sesskey = '6378155173f1d6c3ed932d0eadb1df3b'

SELECT code, value FROM  (SELECT * FROM (SELECT * FROM `mcj`.`ecs_ecsmart_shop_config` UNION SELECT * FROM `mcj`.`ecs_shop_config`) AS total group by code) AS totals  WHERE parent_id > 0

UPDATE `mcj`.`ecs_sessions` SET expiry = '1493835759', ip = '39.89.53.104', userid = '0', adminid = '1', user_name='0', user_rank='0', discount='0', email='0', data = 'a:4:{s:10:\"admin_name\";s:5:\"admin\";s:11:\"action_list\";s:3:\"all\";s:10:\"last_check\";i:1493835741;s:12:\"suppliers_id\";s:1:\"0\";}' WHERE sesskey = '6378155173f1d6c3ed932d0eadb1df3b' LIMIT 1

